<?xml version="1.0" encoding="UTF-8"?>
<testng-results ignored="0" total="2" passed="2" failed="0" skipped="0">
  <reporter-output>
  </reporter-output>
  <suite started-at="2022-08-15T21:50:07 PKT" name="Default suite" finished-at="2022-08-15T21:50:22 PKT" duration-ms="14614">
    <groups>
    </groups>
    <test started-at="2022-08-15T21:50:07 PKT" name="Default test" finished-at="2022-08-15T21:50:22 PKT" duration-ms="14614">
      <class name="Test.GoogleSearch_Test">
        <test-method is-config="true" signature="setup()[pri:0, instance:Test.GoogleSearch_Test@101952da]" started-at="2022-08-15T21:49:49 PKT" name="setup" finished-at="2022-08-15T21:50:07 PKT" duration-ms="18533" status="PASS">
          <reporter-output>
          </reporter-output>
        </test-method> <!-- setup -->
        <test-method signature="DarkTheme()[pri:0, instance:Test.GoogleSearch_Test@101952da]" started-at="2022-08-15T21:50:07 PKT" name="DarkTheme" finished-at="2022-08-15T21:50:13 PKT" duration-ms="5174" status="PASS">
          <reporter-output>
          </reporter-output>
        </test-method> <!-- DarkTheme -->
        <test-method signature="GoogleSearch()[pri:0, instance:Test.GoogleSearch_Test@101952da]" started-at="2022-08-15T21:50:13 PKT" name="GoogleSearch" finished-at="2022-08-15T21:50:20 PKT" duration-ms="7770" status="PASS">
          <reporter-output>
          </reporter-output>
        </test-method> <!-- GoogleSearch -->
        <test-method is-config="true" signature="CloseDriver()[pri:0, instance:Test.GoogleSearch_Test@101952da]" started-at="2022-08-15T21:50:20 PKT" name="CloseDriver" finished-at="2022-08-15T21:50:22 PKT" duration-ms="1611" status="PASS">
          <reporter-output>
          </reporter-output>
        </test-method> <!-- CloseDriver -->
      </class> <!-- Test.GoogleSearch_Test -->
    </test> <!-- Default test -->
  </suite> <!-- Default suite -->
</testng-results>
